GPU: NVIDIA RTX A6000
Total GPU memory: 50.91 GB
Limiting to 65% of available memory
GPU: NVIDIA RTX A6000
Total GPU memory: 50.91 GB
Limiting to 65% of available memory
Looking for descriptors at: /mnt/iscsi/MLModels/learning_hybridizing_descriptors_upload/datasets/relaxed_structures_hse_bg/structure_descriptors_normalized.csv
Config loaded from /mnt/iscsi/MLModels/learning_hybridizing_descriptors_upload/dealignn/runs/run1.json
Learning rate: 0.001
Line graph: True
==================================================
Training with parameters: {'learning_rate': 0.001, 'edge_input_features': 80, 'hidden_features': 256, 'triplet_input_features': 40, 'n_repeat': 0}
MAX val: 8.181944000000001
MIN val: 0.00785199999999997
MAD: 0.8019538397147048
Baseline MAE: 0.7988864579112686
data range 8.181944000000001 0.00785199999999997
warning: could not load CGCNN features for 103
Setting it to max atomic number available here, 103
warning: could not load CGCNN features for 101
Setting it to max atomic number available here, 103
warning: could not load CGCNN features for 102
Setting it to max atomic number available here, 103
building line graphs
data range 8.08925 0.09419900000000003
building line graphs
data range 7.421873 0.10837999999999992
building line graphs
n_train: 8648
n_val: 1081
n_test: 1081
Using test split from main dataset (no separate test directory specified or found)
at train_dgl
config:
{'atom_features': 'cgcnn',
 'batch_size': 16,
 'classification_threshold': None,
 'compute_line_graph': True,
 'criterion': 'mse',
 'cutoff': 8.0,
 'dataset': 'user_data',
 'distributed': False,
 'epochs': 300,
 'filename': 'mof_bandgap',
 'id_tag': 'jid',
 'keep_data_order': False,
 'learning_rate': 0.001,
 'log_tensorboard': False,
 'max_neighbors': 12,
 'model': {'alignn_layers': 4,
           'atom_input_features': 92,
           'classification': False,
           'edge_input_features': 80,
           'embedding_features': 64,
           'gcn_layers': 4,
           'hidden_features': 256,
           'human_features': 28,
           'link': 'identity',
           'name': 'alignn',
           'output_features': 1,
           'triplet_input_features': 40,
           'zero_inflated': False},
 'n_early_stopping': None,
 'n_test': None,
 'n_train': None,
 'n_val': None,
 'neighbor_strategy': 'k-nearest',
 'num_workers': 8,
 'optimizer': 'adamw',
 'output_dir': '/mnt/iscsi/MLModels/learning_hybridizing_descriptors_upload/dealignn/runs/run1',
 'pin_memory': True,
 'progress': True,
 'random_seed': 0,
 'save_dataloader': False,
 'scheduler': 'onecycle',
 'standard_scalar_and_pca': False,
 'store_outputs': True,
 'target': 'target',
 'target_multiplication_factor': 1.0,
 'test_ratio': 0.1,
 'train_ratio': 0.8,
 'use_canonize': True,
 'val_ratio': 0.1,
 'version': '112bbedebdaecf59fb18e11c929080fb2f358246',
 'warmup_steps': 2000,
 'weight_decay': 1e-05,
 'write_checkpoint': True,
 'write_predictions': True}
name='alignn' alignn_layers=4 gcn_layers=4 atom_input_features=92 edge_input_features=80 triplet_input_features=40 embedding_features=64 hidden_features=256 output_features=1 human_features=28 link='identity' zero_inflated=False classification=False
name='alignn' alignn_layers=4 gcn_layers=4 atom_input_features=92 edge_input_features=80 triplet_input_features=40 embedding_features=64 hidden_features=256 output_features=1 human_features=28 link='identity' zero_inflated=False classification=False
Val_MAE: 2.7586
Train_MAE: 2.7360
Val_MAE: 1.9958
Train_MAE: 1.9927
Val_MAE: 1.2984
Train_MAE: 1.2630
Val_MAE: 0.7554
Train_MAE: 0.7444
Val_MAE: 0.6472
Train_MAE: 0.5986
Val_MAE: 0.5782
Train_MAE: 0.5435
Val_MAE: 0.5363
Train_MAE: 0.5209
Val_MAE: 0.5036
Train_MAE: 0.4747
Val_MAE: 0.6242
Train_MAE: 0.6029
Val_MAE: 0.4725
Train_MAE: 0.4540
Val_MAE: 0.4211
Train_MAE: 0.3961
Val_MAE: 0.3944
Train_MAE: 0.3771
Val_MAE: 0.4674
Train_MAE: 0.4392
Val_MAE: 0.4053
Train_MAE: 0.3811
Val_MAE: 0.3792
Train_MAE: 0.3600
Val_MAE: 0.4458
Train_MAE: 0.4171
Val_MAE: 0.4239
Train_MAE: 0.3934
Val_MAE: 0.3841
Train_MAE: 0.3564
Val_MAE: 0.3690
Train_MAE: 0.3233
Val_MAE: 0.3707
Train_MAE: 0.3375
Val_MAE: 0.4103
Train_MAE: 0.3629
Val_MAE: 0.3438
Train_MAE: 0.3010
Val_MAE: 0.4257
Train_MAE: 0.3786
Val_MAE: 0.4110
Train_MAE: 0.3593
Val_MAE: 0.4327
Train_MAE: 0.3587
Val_MAE: 0.3979
Train_MAE: 0.3359
Val_MAE: 0.3561
Train_MAE: 0.2819
Val_MAE: 0.3251
Train_MAE: 0.2577
Val_MAE: 0.3501
Train_MAE: 0.2698
Val_MAE: 0.3647
Train_MAE: 0.2911
Val_MAE: 0.3481
Train_MAE: 0.2687
Val_MAE: 0.4670
Train_MAE: 0.3899
Val_MAE: 0.4845
Train_MAE: 0.4113
Val_MAE: 0.3553
Train_MAE: 0.2584
Val_MAE: 0.3760
Train_MAE: 0.2883
Val_MAE: 0.3332
Train_MAE: 0.2469
Val_MAE: 0.4168
Train_MAE: 0.3461
Val_MAE: 0.3557
Train_MAE: 0.2697
Val_MAE: 0.3755
Train_MAE: 0.2861
Val_MAE: 0.3812
Train_MAE: 0.2954
Val_MAE: 0.3387
Train_MAE: 0.2392
Val_MAE: 0.4367
Train_MAE: 0.3614
Val_MAE: 0.3379
Train_MAE: 0.2375
Val_MAE: 0.3741
Train_MAE: 0.2788
Val_MAE: 0.3279
Train_MAE: 0.2347
Val_MAE: 0.3229
Train_MAE: 0.2236
Val_MAE: 0.3825
Train_MAE: 0.3131
Val_MAE: 0.4023
Train_MAE: 0.3248
Val_MAE: 0.3313
Train_MAE: 0.2530
Val_MAE: 0.3809
Train_MAE: 0.2756
Val_MAE: 0.3202
Train_MAE: 0.2159
Val_MAE: 0.3102
Train_MAE: 0.2201
Val_MAE: 0.3327
Train_MAE: 0.2395
Val_MAE: 0.3147
Train_MAE: 0.2043
Val_MAE: 0.4250
Train_MAE: 0.3618
Val_MAE: 0.3111
Train_MAE: 0.2149
Val_MAE: 0.3247
Train_MAE: 0.2324
Val_MAE: 0.3345
Train_MAE: 0.2304
Val_MAE: 0.3877
Train_MAE: 0.2857
Val_MAE: 0.3038
Train_MAE: 0.1925
Val_MAE: 0.3424
Train_MAE: 0.2485
Val_MAE: 0.3153
Train_MAE: 0.2159
Val_MAE: 0.3015
Train_MAE: 0.1873
Val_MAE: 0.3582
Train_MAE: 0.2768
Val_MAE: 0.3034
Train_MAE: 0.1960
Val_MAE: 0.3008
Train_MAE: 0.1880
Val_MAE: 0.3134
Train_MAE: 0.2034
Val_MAE: 0.3587
Train_MAE: 0.2729
Val_MAE: 0.3405
Train_MAE: 0.2475
Val_MAE: 0.3021
Train_MAE: 0.1836
Val_MAE: 0.3220
Train_MAE: 0.2180
Val_MAE: 0.3070
Train_MAE: 0.1940
Val_MAE: 0.2898
Train_MAE: 0.1770
Val_MAE: 0.3122
Train_MAE: 0.1998
Val_MAE: 0.2975
Train_MAE: 0.1684
Val_MAE: 0.3221
Train_MAE: 0.2040
Val_MAE: 0.2849
Train_MAE: 0.1650
Val_MAE: 0.3086
Train_MAE: 0.2045
Val_MAE: 0.2792
Train_MAE: 0.1628
Val_MAE: 0.3080
Train_MAE: 0.1949
Val_MAE: 0.2923
Train_MAE: 0.1705
Val_MAE: 0.2883
Train_MAE: 0.1611
Val_MAE: 0.3112
Train_MAE: 0.2013
Val_MAE: 0.2968
Train_MAE: 0.1753
Val_MAE: 0.3096
Train_MAE: 0.1843
Val_MAE: 0.3012
Train_MAE: 0.1794
Val_MAE: 0.3392
Train_MAE: 0.2351
Val_MAE: 0.2980
Train_MAE: 0.1652
Val_MAE: 0.2658
Train_MAE: 0.1266
Val_MAE: 0.2882
Train_MAE: 0.1664
Val_MAE: 0.2827
Train_MAE: 0.1582
Val_MAE: 0.2863
Train_MAE: 0.1638
Val_MAE: 0.2602
Train_MAE: 0.1291
Val_MAE: 0.2942
Train_MAE: 0.1705
Val_MAE: 0.2852
Train_MAE: 0.1561
Val_MAE: 0.3752
Train_MAE: 0.2929
Val_MAE: 0.2848
Train_MAE: 0.1463
Val_MAE: 0.2700
Train_MAE: 0.1248
Val_MAE: 0.2760
Train_MAE: 0.1344
Val_MAE: 0.2746
Train_MAE: 0.1238
Val_MAE: 0.2626
Train_MAE: 0.1303
Val_MAE: 0.2599
Train_MAE: 0.1170
Val_MAE: 0.2735
Train_MAE: 0.1302
Val_MAE: 0.2631
Train_MAE: 0.1159
Val_MAE: 0.2695
Train_MAE: 0.1278
Val_MAE: 0.2835
Train_MAE: 0.1525
Val_MAE: 0.2733
Train_MAE: 0.1269
Val_MAE: 0.2722
Train_MAE: 0.1322
Val_MAE: 0.2889
Train_MAE: 0.1540
Val_MAE: 0.2749
Train_MAE: 0.1251
Val_MAE: 0.2786
Train_MAE: 0.1267
Val_MAE: 0.2800
Train_MAE: 0.1378
Val_MAE: 0.2871
Train_MAE: 0.1510
Val_MAE: 0.2999
Train_MAE: 0.1691
Val_MAE: 0.2783
Train_MAE: 0.1360
Val_MAE: 0.2997
Train_MAE: 0.1773
Val_MAE: 0.2627
Train_MAE: 0.1196
Val_MAE: 0.3050
Train_MAE: 0.1702
Val_MAE: 0.2806
Train_MAE: 0.1320
Val_MAE: 0.2817
Train_MAE: 0.1483
Val_MAE: 0.2724
Train_MAE: 0.1414
Val_MAE: 0.2637
Train_MAE: 0.1182
Val_MAE: 0.3140
Train_MAE: 0.1823
Val_MAE: 0.2885
Train_MAE: 0.1489
Val_MAE: 0.2862
Train_MAE: 0.1411
Val_MAE: 0.2722
Train_MAE: 0.1231
Val_MAE: 0.2765
Train_MAE: 0.1380
Val_MAE: 0.2688
Train_MAE: 0.1168
Val_MAE: 0.2746
Train_MAE: 0.1277
Val_MAE: 0.2613
Train_MAE: 0.1116
Val_MAE: 0.2693
Train_MAE: 0.1202
Val_MAE: 0.2594
Train_MAE: 0.1033
Val_MAE: 0.2642
Train_MAE: 0.1078
Val_MAE: 0.2777
Train_MAE: 0.1328
Val_MAE: 0.2709
Train_MAE: 0.1120
Val_MAE: 0.3042
Train_MAE: 0.1640
Val_MAE: 0.2799
Train_MAE: 0.1415
Val_MAE: 0.2540
Train_MAE: 0.0917
Val_MAE: 0.2793
Train_MAE: 0.1276
Val_MAE: 0.3002
Train_MAE: 0.1685
Val_MAE: 0.2491
Train_MAE: 0.0906
Val_MAE: 0.2746
Train_MAE: 0.1334
Val_MAE: 0.2666
Train_MAE: 0.1208
Val_MAE: 0.2480
Train_MAE: 0.0878
Val_MAE: 0.2694
Train_MAE: 0.1238
Val_MAE: 0.2720
Train_MAE: 0.1164
Val_MAE: 0.2565
Train_MAE: 0.1032
Val_MAE: 0.2662
Train_MAE: 0.1106
Val_MAE: 0.2673
Train_MAE: 0.1183
Val_MAE: 0.2749
Train_MAE: 0.1074
Val_MAE: 0.2730
Train_MAE: 0.1064
Val_MAE: 0.2759
Train_MAE: 0.1317
Val_MAE: 0.2489
Train_MAE: 0.0690
Val_MAE: 0.2581
Train_MAE: 0.1003
Val_MAE: 0.2645
Train_MAE: 0.0948
Val_MAE: 0.2599
Train_MAE: 0.0903
Val_MAE: 0.2668
Train_MAE: 0.1174
Val_MAE: 0.2544
Train_MAE: 0.0983
Val_MAE: 0.2649
Train_MAE: 0.1189
Val_MAE: 0.2604
Train_MAE: 0.1092
Val_MAE: 0.2537
Train_MAE: 0.0919
Val_MAE: 0.2560
Train_MAE: 0.0990
Val_MAE: 0.2715
Train_MAE: 0.1252
Val_MAE: 0.2517
Train_MAE: 0.0952
Val_MAE: 0.2888
Train_MAE: 0.1453
Val_MAE: 0.2880
Train_MAE: 0.1361
Val_MAE: 0.2696
Train_MAE: 0.1206
Val_MAE: 0.2754
Train_MAE: 0.1170
Val_MAE: 0.2590
Train_MAE: 0.1093
Val_MAE: 0.2909
Train_MAE: 0.1370
Val_MAE: 0.2543
Train_MAE: 0.0887
Val_MAE: 0.2693
Train_MAE: 0.1183
Val_MAE: 0.2547
Train_MAE: 0.1068
Val_MAE: 0.2545
Train_MAE: 0.1017
Val_MAE: 0.2659
Train_MAE: 0.1050
Val_MAE: 0.2518
Train_MAE: 0.0929
Val_MAE: 0.2536
Train_MAE: 0.0862
Val_MAE: 0.2570
Train_MAE: 0.0893
Val_MAE: 0.2674
Train_MAE: 0.1115
Val_MAE: 0.2561
Train_MAE: 0.0814
Val_MAE: 0.3044
Train_MAE: 0.1556
Val_MAE: 0.2636
Train_MAE: 0.1069
Val_MAE: 0.2776
Train_MAE: 0.1254
Val_MAE: 0.2501
Train_MAE: 0.0908
Val_MAE: 0.2597
Train_MAE: 0.0892
Val_MAE: 0.2775
Train_MAE: 0.1178
Val_MAE: 0.2534
Train_MAE: 0.0811
Val_MAE: 0.2503
Train_MAE: 0.0771
Val_MAE: 0.2840
Train_MAE: 0.1207
Val_MAE: 0.2990
Train_MAE: 0.1340
Val_MAE: 0.2657
Train_MAE: 0.0973
Val_MAE: 0.2499
Train_MAE: 0.0740
Val_MAE: 0.2675
Train_MAE: 0.1062
Val_MAE: 0.2498
Train_MAE: 0.0922
Val_MAE: 0.2659
Train_MAE: 0.1088
Val_MAE: 0.2828
Train_MAE: 0.1422
Val_MAE: 0.2991
Train_MAE: 0.1362
Val_MAE: 0.2685
Train_MAE: 0.1007
Val_MAE: 0.2645
Train_MAE: 0.0997
Val_MAE: 0.2955
Train_MAE: 0.1607
Val_MAE: 0.2553
Train_MAE: 0.0807
Val_MAE: 0.2754
Train_MAE: 0.1201
Val_MAE: 0.2549
Train_MAE: 0.0896
Val_MAE: 0.2637
Train_MAE: 0.0964
Val_MAE: 0.2676
Train_MAE: 0.0998
Val_MAE: 0.2590
Train_MAE: 0.0850
Val_MAE: 0.2605
Train_MAE: 0.0927
Val_MAE: 0.2854
Train_MAE: 0.1303
Val_MAE: 0.2518
Train_MAE: 0.0771
Val_MAE: 0.2662
Train_MAE: 0.0958
Val_MAE: 0.2580
Train_MAE: 0.0923
Val_MAE: 0.2488
Train_MAE: 0.0715
Val_MAE: 0.2637
Train_MAE: 0.1021
Val_MAE: 0.2668
Train_MAE: 0.1015
Val_MAE: 0.2515
Train_MAE: 0.0831
Val_MAE: 0.2471
Train_MAE: 0.0668
Val_MAE: 0.2633
Train_MAE: 0.0959
Val_MAE: 0.2617
Train_MAE: 0.0943
Val_MAE: 0.2525
Train_MAE: 0.0745
Val_MAE: 0.2428
Train_MAE: 0.0521
Val_MAE: 0.2461
Train_MAE: 0.0721
Val_MAE: 0.2565
Train_MAE: 0.0902
Val_MAE: 0.2767
Train_MAE: 0.1215
Val_MAE: 0.2470
Train_MAE: 0.0720
Val_MAE: 0.2433
Train_MAE: 0.0592
Val_MAE: 0.2473
Train_MAE: 0.0642
Val_MAE: 0.2448
Train_MAE: 0.0728
Val_MAE: 0.2607
Train_MAE: 0.0939
Val_MAE: 0.2473
Train_MAE: 0.0785
Val_MAE: 0.2672
Train_MAE: 0.1113
Val_MAE: 0.2564
Train_MAE: 0.0830
Val_MAE: 0.2631
Train_MAE: 0.0962
Val_MAE: 0.2726
Train_MAE: 0.1063
Val_MAE: 0.2456
Train_MAE: 0.0623
Val_MAE: 0.2684
Train_MAE: 0.1116
Val_MAE: 0.2816
Train_MAE: 0.1419
Val_MAE: 0.2505
Train_MAE: 0.0788
Val_MAE: 0.2484
Train_MAE: 0.0703
Val_MAE: 0.2522
Train_MAE: 0.0809
Val_MAE: 0.2455
Train_MAE: 0.0726
Val_MAE: 0.2442
Train_MAE: 0.0597
Val_MAE: 0.2519
Train_MAE: 0.0770
Val_MAE: 0.2556
Train_MAE: 0.0856
Val_MAE: 0.2785
Train_MAE: 0.1292
Val_MAE: 0.2676
Train_MAE: 0.0996
Val_MAE: 0.2463
Train_MAE: 0.0719
Val_MAE: 0.2474
Train_MAE: 0.0723
Val_MAE: 0.2498
Train_MAE: 0.0703
Val_MAE: 0.2448
Train_MAE: 0.0578
Val_MAE: 0.2519
Train_MAE: 0.0812
Val_MAE: 0.2596
Train_MAE: 0.0988
Val_MAE: 0.2534
Train_MAE: 0.0832
Val_MAE: 0.2501
Train_MAE: 0.0732
Val_MAE: 0.2505
Train_MAE: 0.0803
Val_MAE: 0.2548
Train_MAE: 0.0905
Val_MAE: 0.2583
Train_MAE: 0.0856
Val_MAE: 0.2709
Train_MAE: 0.1119
Val_MAE: 0.2553
Train_MAE: 0.0874
Val_MAE: 0.2511
Train_MAE: 0.0779
Val_MAE: 0.2513
Train_MAE: 0.0754
Val_MAE: 0.2508
Train_MAE: 0.0737
Val_MAE: 0.2546
Train_MAE: 0.0846
Val_MAE: 0.2518
Train_MAE: 0.0902
Val_MAE: 0.2663
Train_MAE: 0.1059
Val_MAE: 0.2557
Train_MAE: 0.0850
Val_MAE: 0.2522
Train_MAE: 0.0804
Val_MAE: 0.2690
Train_MAE: 0.1107
Val_MAE: 0.2443
Train_MAE: 0.0595
Val_MAE: 0.2466
Train_MAE: 0.0558
Val_MAE: 0.2638
Train_MAE: 0.1070
Val_MAE: 0.2678
Train_MAE: 0.1049
Val_MAE: 0.2639
Train_MAE: 0.1110
Val_MAE: 0.2790
Train_MAE: 0.1415
Val_MAE: 0.2779
Train_MAE: 0.1204
Val_MAE: 0.2598
Train_MAE: 0.0938
Val_MAE: 0.2475
Train_MAE: 0.0623
Val_MAE: 0.2532
Train_MAE: 0.0870
Val_MAE: 0.2637
Train_MAE: 0.0975
Val_MAE: 0.2477
Train_MAE: 0.0650
Val_MAE: 0.2530
Train_MAE: 0.0751
Val_MAE: 0.2587
Train_MAE: 0.0964
Val_MAE: 0.2581
Train_MAE: 0.0904
Val_MAE: 0.2543
Train_MAE: 0.0841
Val_MAE: 0.2518
Train_MAE: 0.0791
Val_MAE: 0.2841
Train_MAE: 0.1395
Val_MAE: 0.2565
Train_MAE: 0.0882
Val_MAE: 0.2636
Train_MAE: 0.1019
Val_MAE: 0.2541
Train_MAE: 0.0899
Val_MAE: 0.2547
Train_MAE: 0.0822
Val_MAE: 0.2430
Train_MAE: 0.0533
Val_MAE: 0.2572
Train_MAE: 0.0921
Val_MAE: 0.2550
Train_MAE: 0.0844
Val_MAE: 0.2585
Train_MAE: 0.0959
Val_MAE: 0.2520
Train_MAE: 0.0767
Val_MAE: 0.2868
Train_MAE: 0.1359
Val_MAE: 0.2556
Train_MAE: 0.0843
Val_MAE: 0.2517
Train_MAE: 0.0831
Val_MAE: 0.2644
Train_MAE: 0.1018
Val_MAE: 0.2517
Train_MAE: 0.0760
Val_MAE: 0.2462
Train_MAE: 0.0633
Test MAE: 0.2517476618482932
Time taken (s): 33373.85444498062
